[Устройство №0] Первичный звуковой драйвер
	[Аппаратные возможности]
	- Аппаратно поддерживаются частоты дискретизации, для вторичных буферов,
	  от 100 до 200000
	- Аппаратно поддерживаются следующие типы сигналов:
		Тип буфера  8 Бит 16 Бит Моно Стерео 
		Первичный   да    да     да   да 
		Вторичный   да    да     да   да 
	- Аппаратно поддерживаются следующее количество буферов:
		          2D смешивание [из них свободно] 3D смешивание [из них свобоно]
		Всего     01            [00]              00            [00]
		Статичных 01            [00]              00            [00]
		Потоковых 01            [00]              00            [00]
	- Количество первичных буферов         = 1
	- Объем всей памяти на устройстве      = 0
	- Объем свободной памяти на устройстве = 0
	- Звуковые расширения
		EAX 1.0 Не поддерживается
		EAX 2.0 Не поддерживается
		EAX 3.0 Не поддерживается
		ZOOMFX Не поддерживается
	- Поддерживаемые 3D алгоритмы
		ALG_3D_OFF
		ALG_3D_FULL
		ALG_3D_LIGTH
[Устройство №1] Динамики (VIA High Definition Audio)
	[Аппаратные возможности]
	- Аппаратно поддерживаются частоты дискретизации, для вторичных буферов,
	  от 100 до 200000
	- Аппаратно поддерживаются следующие типы сигналов:
		Тип буфера  8 Бит 16 Бит Моно Стерео 
		Первичный   да    да     да   да 
		Вторичный   да    да     да   да 
	- Аппаратно поддерживаются следующее количество буферов:
		          2D смешивание [из них свободно] 3D смешивание [из них свобоно]
		Всего     01            [00]              00            [00]
		Статичных 01            [00]              00            [00]
		Потоковых 01            [00]              00            [00]
	- Количество первичных буферов         = 1
	- Объем всей памяти на устройстве      = 0
	- Объем свободной памяти на устройстве = 0
	- Звуковые расширения
		EAX 1.0 Не поддерживается
		EAX 2.0 Не поддерживается
		EAX 3.0 Не поддерживается
		ZOOMFX Не поддерживается
	- Поддерживаемые 3D алгоритмы
		ALG_3D_OFF
		ALG_3D_FULL
		ALG_3D_LIGTH
[Устройство №2] SPDIF Interface (TX1) (VIA High Definition Audio)
	[Аппаратные возможности]
	- Аппаратно поддерживаются частоты дискретизации, для вторичных буферов,
	  от 100 до 200000
	- Аппаратно поддерживаются следующие типы сигналов:
		Тип буфера  8 Бит 16 Бит Моно Стерео 
		Первичный   да    да     да   да 
		Вторичный   да    да     да   да 
	- Аппаратно поддерживаются следующее количество буферов:
		          2D смешивание [из них свободно] 3D смешивание [из них свобоно]
		Всего     01            [00]              00            [00]
		Статичных 01            [00]              00            [00]
		Потоковых 01            [00]              00            [00]
	- Количество первичных буферов         = 1
	- Объем всей памяти на устройстве      = 0
	- Объем свободной памяти на устройстве = 0
	- Звуковые расширения
		EAX 1.0 Не поддерживается
		EAX 2.0 Не поддерживается
		EAX 3.0 Не поддерживается
		ZOOMFX Не поддерживается
	- Поддерживаемые 3D алгоритмы
		ALG_3D_OFF
		ALG_3D_FULL
		ALG_3D_LIGTH
[Устройство №3] HD Audio HDMI out (VIA High Definition Audio)
	[Аппаратные возможности]
	- Аппаратно поддерживаются частоты дискретизации, для вторичных буферов,
	  от 100 до 200000
	- Аппаратно поддерживаются следующие типы сигналов:
		Тип буфера  8 Бит 16 Бит Моно Стерео 
		Первичный   да    да     да   да 
		Вторичный   да    да     да   да 
	- Аппаратно поддерживаются следующее количество буферов:
		          2D смешивание [из них свободно] 3D смешивание [из них свобоно]
		Всего     01            [00]              00            [00]
		Статичных 01            [00]              00            [00]
		Потоковых 01            [00]              00            [00]
	- Количество первичных буферов         = 1
	- Объем всей памяти на устройстве      = 0
	- Объем свободной памяти на устройстве = 0
	- Звуковые расширения
		EAX 1.0 Не поддерживается
		EAX 2.0 Не поддерживается
		EAX 3.0 Не поддерживается
		ZOOMFX Не поддерживается
	- Поддерживаемые 3D алгоритмы
		ALG_3D_OFF
		ALG_3D_FULL
		ALG_3D_LIGTH
[00:00:02.906]	SQUALL_Init(0x87C1CC)
		[out]Window                   = 0x1A144E
		[out]Device                   = 0
		[out]SampleRate               = 44100
		[out]BitPerSample             = 16
		[out]Channels                 = 128
		[out]UseAlg                   = 0
		[out]BufferSize               = 200
		[out]ListenerMode             = 0
		[out]DistanceFactor           = 1.000000
		[out]RolloffFactor            = 1.000000
		[out]DopplerFactor            = 1.000000
		[out]UseHW2D                  = 1
		[out]UseHW3D                  = 1
